<?xml version="1.0" encoding="UTF-8"?>
<!-- Generated by org.testng.reporters.JUnitReportReporter -->
<testsuite hostname="LAPTOP-0QPIVDQ4" name="com.crm.qa.testcases.LoginPageTest" tests="3" failures="0" timestamp="3 Feb 2019 12:55:30 GMT" time="32.060" errors="0">
  <testcase name="loginTest" time="17.005" classname="com.crm.qa.testcases.LoginPageTest"/>
  <testcase name="loginPgaeTitleTest" time="7.841" classname="com.crm.qa.testcases.LoginPageTest"/>
  <testcase name="crmLogoImageTest" time="7.214" classname="com.crm.qa.testcases.LoginPageTest"/>
</testsuite> <!-- com.crm.qa.testcases.LoginPageTest -->
