<?xml version="1.0" encoding="UTF-8"?>
<!-- Generated by org.testng.reporters.JUnitReportReporter -->
<testsuite hostname="LAPTOP-0QPIVDQ4" name="com.crm.qa.testcases.LoginPageTest" tests="3" failures="0" timestamp="3 Feb 2019 17:35:31 GMT" time="29.216" errors="0">
  <testcase name="verifyCRMLogoImageTest" time="6.934" classname="com.crm.qa.testcases.LoginPageTest"/>
  <testcase name="verifyLoginTest" time="15.333" classname="com.crm.qa.testcases.LoginPageTest"/>
  <testcase name="verifyLoginPgaeTitleTest" time="6.949" classname="com.crm.qa.testcases.LoginPageTest"/>
</testsuite> <!-- com.crm.qa.testcases.LoginPageTest -->
