<?xml version="1.0" encoding="UTF-8"?>
<!-- Generated by org.testng.reporters.JUnitReportReporter -->
<testsuite hostname="LAPTOP-0QPIVDQ4" name="com.crm.qa.testcases.ContactsPageTest" tests="3" failures="0" timestamp="3 Feb 2019 17:37:23 GMT" time="45.926" errors="0">
  <testcase name="verifyContactPageLabelTest" time="14.444" classname="com.crm.qa.testcases.ContactsPageTest"/>
  <testcase name="verifyMultipleContactsTest" time="14.971" classname="com.crm.qa.testcases.ContactsPageTest"/>
  <testcase name="verifySelectContactTest" time="16.511" classname="com.crm.qa.testcases.ContactsPageTest"/>
</testsuite> <!-- com.crm.qa.testcases.ContactsPageTest -->
