<?xml version="1.0" encoding="UTF-8"?>
<!-- Generated by org.testng.reporters.JUnitReportReporter -->
<testsuite hostname="LAPTOP-0QPIVDQ4" name="com.crm.qa.testcases.ContactsPageTest" tests="3" failures="0" timestamp="3 Feb 2019 17:41:25 GMT" time="52.825" errors="0">
  <testcase name="verifyContactPageLabelTest" time="20.767" classname="com.crm.qa.testcases.ContactsPageTest"/>
  <testcase name="verifyMultipleContactsTest" time="16.095" classname="com.crm.qa.testcases.ContactsPageTest"/>
  <testcase name="verifySelectContactTest" time="15.963" classname="com.crm.qa.testcases.ContactsPageTest"/>
</testsuite> <!-- com.crm.qa.testcases.ContactsPageTest -->
