<?xml version="1.0" encoding="UTF-8"?>
<!-- Generated by org.testng.reporters.JUnitReportReporter -->
<testsuite hostname="LAPTOP-0QPIVDQ4" name="com.crm.qa.testcases.LoginPageTest" tests="3" failures="0" timestamp="3 Feb 2019 17:16:45 GMT" time="34.651" errors="0">
  <testcase name="verifyCRMLogoImageTest" time="7.613" classname="com.crm.qa.testcases.LoginPageTest"/>
  <testcase name="verifyLoginTest" time="19.306" classname="com.crm.qa.testcases.LoginPageTest"/>
  <testcase name="verifyLoginPgaeTitleTest" time="7.732" classname="com.crm.qa.testcases.LoginPageTest"/>
</testsuite> <!-- com.crm.qa.testcases.LoginPageTest -->
