<?xml version="1.0" encoding="UTF-8"?>
<!-- Generated by org.testng.reporters.JUnitReportReporter -->
<testsuite hostname="LAPTOP-0QPIVDQ4" name="com.crm.qa.testcases.ContactsPageTest" tests="3" failures="0" timestamp="3 Feb 2019 17:16:45 GMT" time="59.386" errors="0">
  <testcase name="verifyContactPageLabelTest" time="15.274" classname="com.crm.qa.testcases.ContactsPageTest"/>
  <testcase name="verifyMultipleContactsTest" time="21.689" classname="com.crm.qa.testcases.ContactsPageTest"/>
  <testcase name="verifySelectContactTest" time="22.423" classname="com.crm.qa.testcases.ContactsPageTest"/>
</testsuite> <!-- com.crm.qa.testcases.ContactsPageTest -->
